2025-12-04 18:11:16,859 [INFO]: ====== WebDriver manager ======
2025-12-04 18:11:17,959 [INFO]: Get LATEST chromedriver version for google-chrome
2025-12-04 18:11:18,312 [INFO]: Get LATEST chromedriver version for google-chrome
2025-12-04 18:11:18,626 [INFO]: Driver [C:\Users\asus\.wdm\drivers\chromedriver\win64\142.0.7444.175\chromedriver-win32/chromedriver.exe] found in cache
2025-12-04 18:11:26,593 [INFO]: Listing saved: A Light in the Attic
2025-12-04 18:11:26,599 [INFO]: Listing saved: Tipping the Velvet
2025-12-04 18:11:26,602 [INFO]: Listing saved: Soumission
2025-12-04 18:11:26,604 [INFO]: Listing saved: Sharp Objects
2025-12-04 18:11:26,608 [INFO]: Listing saved: Sapiens: A Brief History of Humankind
2025-12-04 18:11:26,612 [INFO]: Listing saved: The Requiem Red
2025-12-04 18:11:26,616 [INFO]: Listing saved: The Dirty Little Secrets of Getting Your Dream Job
2025-12-04 18:11:26,619 [INFO]: Listing saved: The Coming Woman: A Novel Based on the Life of the Infamous Feminist, Victoria Woodhull
2025-12-04 18:11:26,622 [INFO]: Listing saved: The Boys in the Boat: Nine Americans and Their Epic Quest for Gold at the 1936 Berlin Olympics
2025-12-04 18:11:26,625 [INFO]: Listing saved: The Black Maria
2025-12-04 18:11:26,629 [INFO]: 10 listings found and saved.
2025-12-04 18:15:25,799 [INFO]: ====== WebDriver manager ======
2025-12-04 18:15:26,757 [INFO]: Get LATEST chromedriver version for google-chrome
2025-12-04 18:15:27,047 [INFO]: Get LATEST chromedriver version for google-chrome
2025-12-04 18:15:27,472 [INFO]: Driver [C:\Users\asus\.wdm\drivers\chromedriver\win64\142.0.7444.175\chromedriver-win32/chromedriver.exe] found in cache
2025-12-04 18:15:35,049 [INFO]: Listing saved: A Light in the Attic
2025-12-04 18:15:35,054 [INFO]: Listing saved: Tipping the Velvet
2025-12-04 18:15:35,059 [INFO]: Listing saved: Soumission
2025-12-04 18:15:35,064 [INFO]: Listing saved: Sharp Objects
2025-12-04 18:15:35,068 [INFO]: Listing saved: Sapiens: A Brief History of Humankind
2025-12-04 18:15:35,073 [INFO]: Listing saved: The Requiem Red
2025-12-04 18:15:35,075 [INFO]: Listing saved: The Dirty Little Secrets of Getting Your Dream Job
2025-12-04 18:15:35,080 [INFO]: Listing saved: The Coming Woman: A Novel Based on the Life of the Infamous Feminist, Victoria Woodhull
2025-12-04 18:15:35,083 [INFO]: Listing saved: The Boys in the Boat: Nine Americans and Their Epic Quest for Gold at the 1936 Berlin Olympics
2025-12-04 18:15:35,088 [INFO]: Listing saved: The Black Maria
2025-12-04 18:15:35,092 [INFO]: 10 listings found and saved.
2025-12-04 18:16:36,739 [INFO]: ====== WebDriver manager ======
2025-12-04 18:16:37,650 [INFO]: Get LATEST chromedriver version for google-chrome
2025-12-04 18:16:37,984 [INFO]: Get LATEST chromedriver version for google-chrome
2025-12-04 18:16:38,281 [INFO]: Driver [C:\Users\asus\.wdm\drivers\chromedriver\win64\142.0.7444.175\chromedriver-win32/chromedriver.exe] found in cache
2025-12-04 18:16:46,374 [INFO]: Listing saved: A Light in the Attic
2025-12-04 18:16:46,376 [INFO]: Listing saved: Tipping the Velvet
2025-12-04 18:16:46,378 [INFO]: Listing saved: Soumission
2025-12-04 18:16:46,381 [INFO]: Listing saved: Sharp Objects
2025-12-04 18:16:46,383 [INFO]: Listing saved: Sapiens: A Brief History of Humankind
2025-12-04 18:16:46,385 [INFO]: Listing saved: The Requiem Red
2025-12-04 18:16:46,388 [INFO]: Listing saved: The Dirty Little Secrets of Getting Your Dream Job
2025-12-04 18:16:46,392 [INFO]: Listing saved: The Coming Woman: A Novel Based on the Life of the Infamous Feminist, Victoria Woodhull
2025-12-04 18:16:46,394 [INFO]: Listing saved: The Boys in the Boat: Nine Americans and Their Epic Quest for Gold at the 1936 Berlin Olympics
2025-12-04 18:16:46,399 [INFO]: Listing saved: The Black Maria
2025-12-04 18:16:46,402 [INFO]: 10 listings found and saved.
2025-12-04 18:28:12,582 [INFO]: ====== WebDriver manager ======
2025-12-04 18:28:13,495 [INFO]: Get LATEST chromedriver version for google-chrome
2025-12-04 18:28:13,796 [INFO]: Get LATEST chromedriver version for google-chrome
2025-12-04 18:28:14,080 [INFO]: Driver [C:\Users\asus\.wdm\drivers\chromedriver\win64\142.0.7444.175\chromedriver-win32/chromedriver.exe] found in cache
2025-12-04 18:28:21,757 [INFO]: Listing saved: A Light in the Attic
2025-12-04 18:28:21,762 [INFO]: Listing saved: Tipping the Velvet
2025-12-04 18:28:21,763 [INFO]: Listing saved: Soumission
2025-12-04 18:28:21,765 [INFO]: Listing saved: Sharp Objects
2025-12-04 18:28:21,768 [INFO]: Listing saved: Sapiens: A Brief History of Humankind
2025-12-04 18:28:21,771 [INFO]: Listing saved: The Requiem Red
2025-12-04 18:28:21,773 [INFO]: Listing saved: The Dirty Little Secrets of Getting Your Dream Job
2025-12-04 18:28:21,775 [INFO]: Listing saved: The Coming Woman: A Novel Based on the Life of the Infamous Feminist, Victoria Woodhull
2025-12-04 18:28:21,778 [INFO]: Listing saved: The Boys in the Boat: Nine Americans and Their Epic Quest for Gold at the 1936 Berlin Olympics
2025-12-04 18:28:21,781 [INFO]: Listing saved: The Black Maria
2025-12-04 18:28:21,785 [INFO]: 10 listings found and saved.
